Determining if the pthread_create exist failed with the following output:
Change Dir: /home/davidvalenzuela/CS 480/cs480Valenzuela/PA7/build/CMakeFiles/CMakeTmp

Run Build Command:"/usr/bin/make" "cmTC_695bb/fast"
/usr/bin/make -f CMakeFiles/cmTC_695bb.dir/build.make CMakeFiles/cmTC_695bb.dir/build
make[1]: Entering directory '/home/davidvalenzuela/CS 480/cs480Valenzuela/PA7/build/CMakeFiles/CMakeTmp'
Building C object CMakeFiles/cmTC_695bb.dir/CheckSymbolExists.c.o
/usr/bin/cc     -o CMakeFiles/cmTC_695bb.dir/CheckSymbolExists.c.o   -c "/home/davidvalenzuela/CS 480/cs480Valenzuela/PA7/build/CMakeFiles/CMakeTmp/CheckSymbolExists.c"
Linking C executable cmTC_695bb
/usr/bin/cmake -E cmake_link_script CMakeFiles/cmTC_695bb.dir/link.txt --verbose=1
/usr/bin/cc       CMakeFiles/cmTC_695bb.dir/CheckSymbolExists.c.o  -o cmTC_695bb -rdynamic 
CMakeFiles/cmTC_695bb.dir/CheckSymbolExists.c.o: In function `main':
CheckSymbolExists.c:(.text+0x1b): undefined reference to `pthread_create'
collect2: error: ld returned 1 exit status
CMakeFiles/cmTC_695bb.dir/build.make:97: recipe for target 'cmTC_695bb' failed
make[1]: *** [cmTC_695bb] Error 1
make[1]: Leaving directory '/home/davidvalenzuela/CS 480/cs480Valenzuela/PA7/build/CMakeFiles/CMakeTmp'
Makefile:126: recipe for target 'cmTC_695bb/fast' failed
make: *** [cmTC_695bb/fast] Error 2

File /home/davidvalenzuela/CS 480/cs480Valenzuela/PA7/build/CMakeFiles/CMakeTmp/CheckSymbolExists.c:
/* */
#include <pthread.h>

int main(int argc, char** argv)
{
  (void)argv;
#ifndef pthread_create
  return ((int*)(&pthread_create))[argc];
#else
  (void)argc;
  return 0;
#endif
}

Determining if the function pthread_create exists in the pthreads failed with the following output:
Change Dir: /home/davidvalenzuela/CS 480/cs480Valenzuela/PA7/build/CMakeFiles/CMakeTmp

Run Build Command:"/usr/bin/make" "cmTC_62902/fast"
/usr/bin/make -f CMakeFiles/cmTC_62902.dir/build.make CMakeFiles/cmTC_62902.dir/build
make[1]: Entering directory '/home/davidvalenzuela/CS 480/cs480Valenzuela/PA7/build/CMakeFiles/CMakeTmp'
Building C object CMakeFiles/cmTC_62902.dir/CheckFunctionExists.c.o
/usr/bin/cc    -DCHECK_FUNCTION_EXISTS=pthread_create   -o CMakeFiles/cmTC_62902.dir/CheckFunctionExists.c.o   -c /usr/share/cmake-3.7/Modules/CheckFunctionExists.c
Linking C executable cmTC_62902
/usr/bin/cmake -E cmake_link_script CMakeFiles/cmTC_62902.dir/link.txt --verbose=1
/usr/bin/cc   -DCHECK_FUNCTION_EXISTS=pthread_create    CMakeFiles/cmTC_62902.dir/CheckFunctionExists.c.o  -o cmTC_62902 -rdynamic -lpthreads 
/usr/bin/ld: cannot find -lpthreads
collect2: error: ld returned 1 exit status
CMakeFiles/cmTC_62902.dir/build.make:97: recipe for target 'cmTC_62902' failed
make[1]: *** [cmTC_62902] Error 1
make[1]: Leaving directory '/home/davidvalenzuela/CS 480/cs480Valenzuela/PA7/build/CMakeFiles/CMakeTmp'
Makefile:126: recipe for target 'cmTC_62902/fast' failed
make: *** [cmTC_62902/fast] Error 2


