Determining if the pthread_create exist failed with the following output:
Change Dir: /home/davidvalenzuela/CS 480/cs480Valenzuela/PA8/build/CMakeFiles/CMakeTmp

Run Build Command:"/usr/bin/make" "cmTC_6a611/fast"
/usr/bin/make -f CMakeFiles/cmTC_6a611.dir/build.make CMakeFiles/cmTC_6a611.dir/build
make[1]: Entering directory '/home/davidvalenzuela/CS 480/cs480Valenzuela/PA8/build/CMakeFiles/CMakeTmp'
Building C object CMakeFiles/cmTC_6a611.dir/CheckSymbolExists.c.o
/usr/bin/cc     -o CMakeFiles/cmTC_6a611.dir/CheckSymbolExists.c.o   -c "/home/davidvalenzuela/CS 480/cs480Valenzuela/PA8/build/CMakeFiles/CMakeTmp/CheckSymbolExists.c"
Linking C executable cmTC_6a611
/usr/bin/cmake -E cmake_link_script CMakeFiles/cmTC_6a611.dir/link.txt --verbose=1
/usr/bin/cc       CMakeFiles/cmTC_6a611.dir/CheckSymbolExists.c.o  -o cmTC_6a611 -rdynamic 
CMakeFiles/cmTC_6a611.dir/CheckSymbolExists.c.o: In function `main':
CheckSymbolExists.c:(.text+0x1b): undefined reference to `pthread_create'
collect2: error: ld returned 1 exit status
CMakeFiles/cmTC_6a611.dir/build.make:97: recipe for target 'cmTC_6a611' failed
make[1]: *** [cmTC_6a611] Error 1
make[1]: Leaving directory '/home/davidvalenzuela/CS 480/cs480Valenzuela/PA8/build/CMakeFiles/CMakeTmp'
Makefile:126: recipe for target 'cmTC_6a611/fast' failed
make: *** [cmTC_6a611/fast] Error 2

File /home/davidvalenzuela/CS 480/cs480Valenzuela/PA8/build/CMakeFiles/CMakeTmp/CheckSymbolExists.c:
/* */
#include <pthread.h>

int main(int argc, char** argv)
{
  (void)argv;
#ifndef pthread_create
  return ((int*)(&pthread_create))[argc];
#else
  (void)argc;
  return 0;
#endif
}

Determining if the function pthread_create exists in the pthreads failed with the following output:
Change Dir: /home/davidvalenzuela/CS 480/cs480Valenzuela/PA8/build/CMakeFiles/CMakeTmp

Run Build Command:"/usr/bin/make" "cmTC_93c2b/fast"
/usr/bin/make -f CMakeFiles/cmTC_93c2b.dir/build.make CMakeFiles/cmTC_93c2b.dir/build
make[1]: Entering directory '/home/davidvalenzuela/CS 480/cs480Valenzuela/PA8/build/CMakeFiles/CMakeTmp'
Building C object CMakeFiles/cmTC_93c2b.dir/CheckFunctionExists.c.o
/usr/bin/cc    -DCHECK_FUNCTION_EXISTS=pthread_create   -o CMakeFiles/cmTC_93c2b.dir/CheckFunctionExists.c.o   -c /usr/share/cmake-3.7/Modules/CheckFunctionExists.c
Linking C executable cmTC_93c2b
/usr/bin/cmake -E cmake_link_script CMakeFiles/cmTC_93c2b.dir/link.txt --verbose=1
/usr/bin/cc   -DCHECK_FUNCTION_EXISTS=pthread_create    CMakeFiles/cmTC_93c2b.dir/CheckFunctionExists.c.o  -o cmTC_93c2b -rdynamic -lpthreads 
/usr/bin/ld: cannot find -lpthreads
collect2: error: ld returned 1 exit status
CMakeFiles/cmTC_93c2b.dir/build.make:97: recipe for target 'cmTC_93c2b' failed
make[1]: *** [cmTC_93c2b] Error 1
make[1]: Leaving directory '/home/davidvalenzuela/CS 480/cs480Valenzuela/PA8/build/CMakeFiles/CMakeTmp'
Makefile:126: recipe for target 'cmTC_93c2b/fast' failed
make: *** [cmTC_93c2b/fast] Error 2


